<?xml version="1.0" encoding="UTF-8"?>
<testng-results skipped="0" failed="0" ignored="0" total="1" passed="1">
  <reporter-output>
  </reporter-output>
  <suite name="Default suite" duration-ms="42991" started-at="2020-04-21T10:01:52 IST" finished-at="2020-04-21T10:02:35 IST">
    <groups>
    </groups>
    <test name="Default test" duration-ms="42991" started-at="2020-04-21T10:01:52 IST" finished-at="2020-04-21T10:02:35 IST">
      <class name="testcases.Login">
        <test-method status="PASS" signature="login()[pri:0, instance:testcases.Login@4f970963]" name="login" duration-ms="42706" started-at="2020-04-21T10:01:52 IST" finished-at="2020-04-21T10:02:35 IST">
          <reporter-output>
          </reporter-output>
        </test-method> <!-- login -->
      </class> <!-- testcases.Login -->
    </test> <!-- Default test -->
  </suite> <!-- Default suite -->
</testng-results>
