<?xml version="1.0" encoding="UTF-8"?>
<testng-results skipped="0" failed="0" ignored="0" total="1" passed="1">
  <reporter-output>
  </reporter-output>
  <suite name="Default suite" duration-ms="73107" started-at="2020-05-01T14:19:39 IST" finished-at="2020-05-01T14:20:52 IST">
    <groups>
    </groups>
    <test name="Default test" duration-ms="73107" started-at="2020-05-01T14:19:39 IST" finished-at="2020-05-01T14:20:52 IST">
      <class name="leave.Configure">
        <test-method status="PASS" signature="login()[pri:0, instance:leave.Configure@610694f1]" name="login" duration-ms="72981" started-at="2020-05-01T14:19:39 IST" finished-at="2020-05-01T14:20:52 IST">
          <reporter-output>
          </reporter-output>
        </test-method> <!-- login -->
      </class> <!-- leave.Configure -->
    </test> <!-- Default test -->
  </suite> <!-- Default suite -->
</testng-results>
