<?xml version="1.0" encoding="UTF-8"?>
<testng-results skipped="0" failed="0" ignored="0" total="1" passed="1">
  <reporter-output>
  </reporter-output>
  <suite name="Default suite" duration-ms="24375" started-at="2020-04-08T18:14:36 IST" finished-at="2020-04-08T18:15:00 IST">
    <groups>
    </groups>
    <test name="Default test" duration-ms="24375" started-at="2020-04-08T18:14:36 IST" finished-at="2020-04-08T18:15:00 IST">
      <class name="test.SmokeTest">
        <test-method status="PASS" signature="main()[pri:0, instance:test.SmokeTest@3327bd23]" name="main" duration-ms="24239" started-at="2020-04-08T18:14:36 IST" finished-at="2020-04-08T18:15:00 IST">
          <reporter-output>
          </reporter-output>
        </test-method> <!-- main -->
      </class> <!-- test.SmokeTest -->
    </test> <!-- Default test -->
  </suite> <!-- Default suite -->
</testng-results>
