<?xml version="1.0" encoding="UTF-8"?>
<testng-results skipped="0" failed="0" ignored="0" total="1" passed="1">
  <reporter-output>
  </reporter-output>
  <suite name="Default suite" duration-ms="66504" started-at="2020-04-11T13:45:34 IST" finished-at="2020-04-11T13:46:40 IST">
    <groups>
    </groups>
    <test name="Default test" duration-ms="66504" started-at="2020-04-11T13:45:34 IST" finished-at="2020-04-11T13:46:40 IST">
      <class name="testcases.LeaveReports">
        <test-method status="PASS" signature="leaveReport()[pri:0, instance:testcases.LeaveReports@3632be31]" name="leaveReport" duration-ms="66290" started-at="2020-04-11T13:45:34 IST" finished-at="2020-04-11T13:46:40 IST">
          <reporter-output>
          </reporter-output>
        </test-method> <!-- leaveReport -->
      </class> <!-- testcases.LeaveReports -->
    </test> <!-- Default test -->
  </suite> <!-- Default suite -->
</testng-results>
